<?xml version="1.0" encoding="UTF-8"?>
<testsuite xmlns:xsi="http://www.w3.org/2001/XMLSchema-instance" xsi:noNamespaceSchemaLocation="https://maven.apache.org/surefire/maven-surefire-plugin/xsd/surefire-test-report-3.0.xsd" version="3.0" name="service.SuggestionServiceTest" time="0.012" tests="4" errors="0" skipped="0" failures="0">
  <properties>
[...]
</properties>
  <testcase name="negativeFreeArea_throws" classname="service.SuggestionServiceTest" time="0.01"/>
  <testcase name="sortAndMarkBest_highestIncomeIsFirstAndMarked" classname="service.SuggestionServiceTest" time="0.0"/>
  <testcase name="noFreeArea_givesNoOptions" classname="service.SuggestionServiceTest" time="0.0"/>
  <testcase name="freeArea80_givesThreeOptions" classname="service.SuggestionServiceTest" time="0.0"/>
</testsuite>